[2026-04-15T15:15:57+02:00] 108 ETH_CALLS 

[2026-04-15T15:16:57+02:00] 0 ETH_CALLS 

[2026-04-15T15:17:57+02:00] 0 ETH_CALLS 

[2026-04-15T15:18:57+02:00]  ---- FOLLOWING 18 MARKETS ---- 

┌─ Market ETH+/eUSD
│  price:         2510.542501
│  borrow assets: 82997.63
│  borrow shares: 75589621782.90
│  positions less than 10pct from liquidation: 0

┌─ Market Mog/USDS
│  price:         0.000000
│  borrow assets: 59923.11
│  borrow shares: 56049150116.44
│  positions less than 10pct from liquidation: 0

┌─ Market BAL/USDC
│  price:         0.157090
│  borrow assets: 29288.88
│  borrow shares: 0.03
│  positions less than 10pct from liquidation: 0

┌─ Market JOE/USDS
│  price:         0.010227
│  borrow assets: 19420.09
│  borrow shares: 18782040755.30
│  positions less than 10pct from liquidation: 0

┌─ Market iUSD/USDC
│  price:         1.000000
│  borrow assets: 55547.45
│  borrow shares: 0.05
│  positions less than 10pct from liquidation: 0

┌─ Market wstETH/USDS
│  price:         2859.449148
│  borrow assets: 49615.75
│  borrow shares: 48230029667.93
│  positions less than 10pct from liquidation: 0

┌─ Market sUSDe/USDC
│  price:         1.227352
│  borrow assets: 93760.79
│  borrow shares: 0.09
│  positions less than 10pct from liquidation: 0

┌─ Market jrUSDe/USDC
│  price:         1.044268
│  borrow assets: 74563.95
│  borrow shares: 0.07
│  positions less than 10pct from liquidation: 0

┌─ Market SPX/USDS
│  price:         0.326954
│  borrow assets: 15896.33
│  borrow shares: 12616326244.96
│  positions less than 10pct from liquidation: 0

┌─ Market ARM-WETH-stETH/WETH
│  price:         1.075047
│  borrow assets: 9.94
│  borrow shares: 9902848.52
│  positions less than 10pct from liquidation: 0

┌─ Market REKT/USDS
│  price:         0.000000
│  borrow assets: 11317.68
│  borrow shares: 10447871279.44
│  positions less than 10pct from liquidation: 0

┌─ Market WBTC/LBTC
│  price:         0.994507
│  borrow assets: 0.64
│  borrow shares: 0.00
│  positions less than 10pct from liquidation: 0

┌─ Market wstETH/WETH
│  price:         1.232159
│  borrow assets: 13.92
│  borrow shares: 12917859.66
│  positions less than 10pct from liquidation: 0

┌─ Market BITCOIN/USDS
│  price:         0.017793
│  borrow assets: 27201.01
│  borrow shares: 26382016119.55
│  positions less than 10pct from liquidation: 0

┌─ Market SPX/USDS
│  price:         0.326954
│  borrow assets: 27731.60
│  borrow shares: 26576776949.09
│  positions less than 10pct from liquidation: 0

┌─ Market WETH/USDT
│  price:         2336.499049
│  borrow assets: 40693.75
│  borrow shares: 0.01
│  positions less than 10pct from liquidation: 0

┌─ Market USUALX/USUAL
│  price:         1.618811
│  borrow assets: 1482729.31
│  borrow shares: 1076999772084.38
│  positions less than 10pct from liquidation: 0

┌─ Market CULT/USDS
│  price:         0.000189
│  borrow assets: 22063.94
│  borrow shares: 19228032975.36
│  positions less than 10pct from liquidation: 0

